{
  "Cucumber Features": {
    "coverage": {
      "/home/sbstn/Desktop/hw4/hw4/app/models/movie.rb": [
        1,
        1,
        7,
        null,
        null,
        1,
        1,
        null,
        null
      ],
      "/home/sbstn/Desktop/hw4/hw4/app/controllers/movies_controller.rb": [
        1,
        null,
        1,
        1,
        null,
        null,
        1,
        3,
        3,
        null,
        null,
        null,
        1,
        7,
        7,
        null,
        2,
        null,
        2,
        null,
        7,
        7,
        null,
        7,
        18,
        null,
        null,
        7,
        2,
        2,
        2,
        null,
        5,
        null,
        null,
        1,
        2,
        2,
        1,
        1,
        null,
        1,
        null,
        null,
        null,
        1,
        null,
        null,
        null,
        1,
        0,
        0,
        0,
        null,
        null,
        1,
        1,
        null,
        null,
        1,
        1,
        1,
        1,
        1,
        null,
        null,
        1,
        0,
        0,
        0,
        0,
        null,
        null,
        null
      ],
      "/home/sbstn/Desktop/hw4/hw4/app/controllers/application_controller.rb": [
        1,
        1,
        null
      ],
      "/home/sbstn/Desktop/hw4/hw4/app/helpers/application_helper.rb": [
        1,
        null
      ],
      "/home/sbstn/Desktop/hw4/hw4/app/helpers/movies_helper.rb": [
        1,
        null,
        1,
        0,
        null,
        null
      ]
    },
    "timestamp": 1449540162
  },
  "RSpec": {
    "coverage": {
      "/home/sbstn/Desktop/hw4/hw4/app/controllers/movies_controller.rb": [
        1,
        null,
        1,
        3,
        null,
        null,
        1,
        1,
        1,
        null,
        null,
        null,
        1,
        4,
        4,
        null,
        1,
        null,
        1,
        null,
        4,
        4,
        null,
        4,
        15,
        null,
        null,
        4,
        3,
        3,
        3,
        null,
        1,
        null,
        null,
        1,
        4,
        4,
        1,
        1,
        null,
        3,
        null,
        null,
        null,
        1,
        null,
        null,
        null,
        1,
        1,
        1,
        1,
        null,
        null,
        1,
        1,
        null,
        null,
        1,
        2,
        2,
        2,
        2,
        null,
        null,
        1,
        2,
        2,
        2,
        2,
        null,
        null,
        null
      ],
      "/home/sbstn/Desktop/hw4/hw4/app/controllers/application_controller.rb": [
        1,
        1,
        null
      ]
    },
    "timestamp": 1449540153
  }
}
